<?xml version="1.0" encoding="UTF-8"?>
<!-- Generated by org.testng.reporters.JUnitXMLReporter -->
<testsuite ignored="0" hostname="LTIN205499" failures="0" tests="4" name="Test4" time="22.869" errors="0" timestamp="2024-03-29T11:14:11 IST">
  <testcase classname="testCases.Tc4_clickSignin" name="test1" time="0.322"/>
  <testcase classname="testCases.Tc4_clickSignin" name="test2" time="10.512"/>
  <testcase classname="testCases.Tc4_clickSignin" name="test3" time="5.67"/>
  <testcase classname="testCases.Tc4_clickSignin" name="test4" time="6.319"/>
</testsuite> <!-- Test4 -->
