<?xml version="1.0" encoding="UTF-8"?>
<!-- Generated by org.testng.reporters.JUnitXMLReporter -->
<testsuite ignored="0" hostname="LTIN205499" failures="0" tests="8" name="Test1" time="80.669" errors="0" timestamp="2024-04-02T13:55:55 IST">
  <testcase classname="testCases.Tc1_city" name="city_test1" time="10.67"/>
  <testcase classname="testCases.Tc2_clicksports" name="sport_test1" time="17.307"/>
  <testcase classname="testCases.Tc3_movies" name="movies_test1" time="8.63"/>
  <testcase classname="testCases.Tc3_movies" name="movies_test2" time="9.247"/>
  <testcase classname="testCases.Tc4_clickSignin" name="test1" time="0.368"/>
  <testcase classname="testCases.Tc4_clickSignin" name="test2" time="11.25"/>
  <testcase classname="testCases.Tc4_clickSignin" name="test3" time="7.914"/>
  <testcase classname="testCases.Tc4_clickSignin" name="test4" time="10.874"/>
</testsuite> <!-- Test1 -->
