<?xml version="1.0" encoding="UTF-8"?>
<testsuite xmlns:xsi="http://www.w3.org/2001/XMLSchema-instance" xsi:noNamespaceSchemaLocation="https://maven.apache.org/surefire/maven-surefire-plugin/xsd/surefire-test-report-3.0.xsd" version="3.0" name="TestSuite" time="231.263" tests="8" errors="0" skipped="0" failures="0">
  <properties>
[...]
</properties>
  <testcase name="city_test1" classname="testCases.Tc1_city" time="10.636">
    <system-out><![CDATA[[TestNGContentHandler] [WARN] It is strongly recommended to add "<!DOCTYPE suite SYSTEM "https://testng.org/testng-1.0.dtd" >" at the top of the suite file [C:\Users\2320207\eclipse-workspace\Hackhaton_project\testng.xml] otherwise TestNG may fail or not work as expected.
]]></system-out>
  </testcase>
  <testcase name="sport_test1" classname="testCases.Tc2_clicksports" time="16.802">
    <system-err><![CDATA[ERROR StatusLogger Log4j2 could not find a logging implementation. Please add log4j-core to the classpath. Using SimpleLogger to log to the console...
]]></system-err>
  </testcase>
  <testcase name="movies_test1" classname="testCases.Tc3_movies" time="8.637"/>
  <testcase name="movies_test2" classname="testCases.Tc3_movies" time="9.241">
    <system-out><![CDATA[Hindi
English
Marathi
Malayalam
Kannada
Multi Language
Telugu
]]></system-out>
  </testcase>
  <testcase name="test1" classname="testCases.Tc4_clickSignin" time="0.366"/>
  <testcase name="test2" classname="testCases.Tc4_clickSignin" time="11.43"/>
  <testcase name="test3[abc@.com](1)" classname="testCases.Tc4_clickSignin" time="7.951"/>
  <testcase name="test4" classname="testCases.Tc4_clickSignin" time="10.877"/>
</testsuite>