<?xml version="1.0" encoding="UTF-8"?>
<testng-results ignored="0" total="8" passed="8" failed="0" skipped="0">
  <reporter-output>
  </reporter-output>
  <suite started-at="2024-04-02T13:54:33 IST" name="Suite" finished-at="2024-04-02T13:55:54 IST" duration-ms="80669">
    <groups>
    </groups>
    <test started-at="2024-04-02T13:54:33 IST" name="Test1" finished-at="2024-04-02T13:55:54 IST" duration-ms="80669">
      <class name="testCases.Tc1_city">
        <test-method is-config="true" signature="beforeSuite()[pri:0, instance:testCases.Tc1_city@6f96c77]" started-at="2024-04-02T13:52:08 IST" name="beforeSuite" finished-at="2024-04-02T13:54:33 IST" duration-ms="145024" status="PASS">
          <reporter-output>
          </reporter-output>
        </test-method> <!-- beforeSuite -->
        <test-method signature="city_test1()[pri:0, instance:testCases.Tc1_city@6f96c77]" started-at="2024-04-02T13:54:36 IST" name="city_test1" finished-at="2024-04-02T13:54:47 IST" duration-ms="10670" status="PASS">
          <reporter-output>
          </reporter-output>
        </test-method> <!-- city_test1 -->
        <test-method is-config="true" signature="afterSuite()[pri:0, instance:testCases.Tc1_city@6f96c77]" started-at="2024-04-02T13:55:57 IST" name="afterSuite" finished-at="2024-04-02T13:55:57 IST" duration-ms="12" status="PASS">
          <reporter-output>
          </reporter-output>
        </test-method> <!-- afterSuite -->
      </class> <!-- testCases.Tc1_city -->
      <class name="testCases.Tc2_clicksports">
        <test-method signature="sport_test1()[pri:0, instance:testCases.Tc2_clicksports@418e7838]" started-at="2024-04-02T13:54:47 IST" name="sport_test1" finished-at="2024-04-02T13:55:04 IST" duration-ms="17307" status="PASS">
          <reporter-output>
          </reporter-output>
        </test-method> <!-- sport_test1 -->
      </class> <!-- testCases.Tc2_clicksports -->
      <class name="testCases.Tc3_movies">
        <test-method signature="movies_test1()[pri:1, instance:testCases.Tc3_movies@61230f6a]" started-at="2024-04-02T13:55:04 IST" name="movies_test1" finished-at="2024-04-02T13:55:13 IST" duration-ms="8630" status="PASS">
          <reporter-output>
          </reporter-output>
        </test-method> <!-- movies_test1 -->
        <test-method signature="movies_test2()[pri:2, instance:testCases.Tc3_movies@61230f6a]" started-at="2024-04-02T13:55:13 IST" name="movies_test2" finished-at="2024-04-02T13:55:22 IST" duration-ms="9247" status="PASS">
          <reporter-output>
          </reporter-output>
        </test-method> <!-- movies_test2 -->
      </class> <!-- testCases.Tc3_movies -->
      <class name="testCases.Tc4_clickSignin">
        <test-method signature="test1()[pri:1, instance:testCases.Tc4_clickSignin@3e2e18f2]" started-at="2024-04-02T13:55:22 IST" name="test1" finished-at="2024-04-02T13:55:22 IST" duration-ms="368" status="PASS">
          <reporter-output>
          </reporter-output>
        </test-method> <!-- test1 -->
        <test-method signature="test2()[pri:2, instance:testCases.Tc4_clickSignin@3e2e18f2]" started-at="2024-04-02T13:55:22 IST" name="test2" finished-at="2024-04-02T13:55:34 IST" duration-ms="11250" status="PASS">
          <reporter-output>
          </reporter-output>
        </test-method> <!-- test2 -->
        <test-method signature="test3(java.lang.String)[pri:3, instance:testCases.Tc4_clickSignin@3e2e18f2]" started-at="2024-04-02T13:55:35 IST" name="test3" data-provider="dp" finished-at="2024-04-02T13:55:43 IST" duration-ms="7914" status="PASS">
          <params>
            <param index="0">
              <value>
                <![CDATA[abc@.com]]>
              </value>
            </param>
          </params>
          <reporter-output>
          </reporter-output>
        </test-method> <!-- test3 -->
        <test-method signature="test4()[pri:4, instance:testCases.Tc4_clickSignin@3e2e18f2]" started-at="2024-04-02T13:55:43 IST" name="test4" finished-at="2024-04-02T13:55:54 IST" duration-ms="10874" status="PASS">
          <reporter-output>
          </reporter-output>
        </test-method> <!-- test4 -->
      </class> <!-- testCases.Tc4_clickSignin -->
    </test> <!-- Test1 -->
  </suite> <!-- Suite -->
</testng-results>
