<?xml version="1.0" encoding="UTF-8"?>
<testng-results ignored="0" total="3" passed="3" failed="0" skipped="0">
  <reporter-output>
  </reporter-output>
  <suite started-at="2024-03-28T10:43:44 IST" name="Suite" finished-at="2024-03-28T10:44:03 IST" duration-ms="18591">
    <groups>
    </groups>
    <test started-at="2024-03-28T10:43:44 IST" name="Test1" finished-at="2024-03-28T10:43:53 IST" duration-ms="8806">
      <class name="testCases.Tc1_city">
        <test-method signature="f()[pri:0, instance:testCases.Tc1_city@3e84448c]" started-at="2024-03-28T10:43:44 IST" name="f" finished-at="2024-03-28T10:43:53 IST" duration-ms="8702" status="PASS">
          <reporter-output>
          </reporter-output>
        </test-method> <!-- f -->
      </class> <!-- testCases.Tc1_city -->
    </test> <!-- Test1 -->
    <test started-at="2024-03-28T10:43:53 IST" name="Test2" finished-at="2024-03-28T10:43:54 IST" duration-ms="335">
      <class name="testCases.Tc2_clicksports">
        <test-method signature="f()[pri:0, instance:testCases.Tc2_clicksports@66d3eec0]" started-at="2024-03-28T10:43:53 IST" name="f" finished-at="2024-03-28T10:43:54 IST" duration-ms="328" status="PASS">
          <reporter-output>
          </reporter-output>
        </test-method> <!-- f -->
      </class> <!-- testCases.Tc2_clicksports -->
    </test> <!-- Test2 -->
    <test started-at="2024-03-28T10:43:54 IST" name="Test3" finished-at="2024-03-28T10:44:03 IST" duration-ms="9020">
      <class name="testCases.Tc1_city">
        <test-method is-config="true" signature="beforeSuite()[pri:0, instance:testCases.Tc1_city@3e84448c]" started-at="2024-03-28T10:43:21 IST" name="beforeSuite" finished-at="2024-03-28T10:43:44 IST" duration-ms="23399" status="PASS">
          <reporter-output>
          </reporter-output>
        </test-method> <!-- beforeSuite -->
        <test-method is-config="true" signature="afterSuite()[pri:0, instance:testCases.Tc1_city@3e84448c]" started-at="2024-03-28T10:44:03 IST" name="afterSuite" finished-at="2024-03-28T10:44:03 IST" duration-ms="2" status="PASS">
          <reporter-output>
          </reporter-output>
        </test-method> <!-- afterSuite -->
      </class> <!-- testCases.Tc1_city -->
      <class name="testCases.Tc3_movies">
        <test-method signature="f()[pri:0, instance:testCases.Tc3_movies@543588e6]" started-at="2024-03-28T10:43:54 IST" name="f" finished-at="2024-03-28T10:44:03 IST" duration-ms="9007" status="PASS">
          <reporter-output>
          </reporter-output>
        </test-method> <!-- f -->
      </class> <!-- testCases.Tc3_movies -->
    </test> <!-- Test3 -->
  </suite> <!-- Suite -->
</testng-results>
